C:\Program Files (x86)\Microsoft Visual Studio\2017\Community\Common7\IDE\VC\VCTargets\Microsoft.CppBuild.targets(391,5): warning MSB8028: The intermediate directory (Release\) contains files shared from another project (SoftwareRasterizer.vcxproj).  This can lead to incorrect clean and rebuild behavior.
  Main.cpp
c:\users\navi\source\repos\softwarerasterizer\softwarerasterizer\rasterizer.h(33): warning C4018: '<': signed/unsigned mismatch
c:\users\navi\source\repos\softwarerasterizer\softwarerasterizer\rasterizer.h(34): warning C4018: '<': signed/unsigned mismatch
c:\users\navi\source\repos\softwarerasterizer\softwarerasterizer\rasterizer.h(64): warning C4018: '<': signed/unsigned mismatch
c:\users\navi\source\repos\softwarerasterizer\softwarerasterizer\rasterizer.h(65): warning C4018: '<': signed/unsigned mismatch
c:\users\navi\source\repos\softwarerasterizer\softwarerasterizer\rasterizer.h(128): warning C4244: 'argument': conversion from 'float32' to 'uint32', possible loss of data
c:\users\navi\source\repos\softwarerasterizer\softwarerasterizer\rasterizer.h(146): warning C4244: 'argument': conversion from 'float32' to 'uint32', possible loss of data
c:\users\navi\source\repos\softwarerasterizer\softwarerasterizer\rasterizer.h(162): warning C4244: 'argument': conversion from 'float32' to 'uint32', possible loss of data
c:\users\navi\source\repos\softwarerasterizer\softwarerasterizer\rasterizer.h(178): warning C4018: '<': signed/unsigned mismatch
c:\users\navi\source\repos\softwarerasterizer\softwarerasterizer\rasterizer.h(201): warning C4244: 'initializing': conversion from 'float' to 'int32', possible loss of data
c:\users\navi\source\repos\softwarerasterizer\softwarerasterizer\rasterizer.h(202): warning C4244: 'initializing': conversion from 'float' to 'int32', possible loss of data
c:\users\navi\source\repos\softwarerasterizer\softwarerasterizer\rasterizer.h(208): warning C4244: 'initializing': conversion from 'float' to 'int32', possible loss of data
c:\users\navi\source\repos\softwarerasterizer\softwarerasterizer\rasterizer.h(209): warning C4244: 'initializing': conversion from 'float' to 'int32', possible loss of data
c:\users\navi\source\repos\softwarerasterizer\softwarerasterizer\rasterizer.h(216): warning C4244: '=': conversion from 'float' to 'int32', possible loss of data
c:\users\navi\source\repos\softwarerasterizer\softwarerasterizer\rasterizer.h(217): warning C4244: '=': conversion from 'float' to 'int32', possible loss of data
  Generating code
  All 193 functions were compiled because no usable IPDB/IOBJ from previous compilation was found.
  Finished generating code
  SoftwareRasterizer.vcxproj -> C:\Users\navi\source\repos\SoftwareRasterizer\Release\SoftwareLineRasterizer.exe
  SoftwareRasterizer.vcxproj -> C:\Users\navi\source\repos\SoftwareRasterizer\Release\SoftwareLineRasterizer.pdb (Partial -> Full PDB)
C:\Users\navi\source\repos\SoftwareRasterizer\Release\SoftwareLineRasterizer.pdb : fatal error CMF1107: input PDB file is not generated by /DEBUG:fastlink
