C:\Program Files (x86)\Microsoft Visual Studio\2017\Community\Common7\IDE\VC\VCTargets\Microsoft.CppBuild.targets(391,5): warning MSB8028: The intermediate directory (Release\) contains files shared from another project (SoftwareLineRasterizer.vcxproj, SoftwareRasterizer.vcxproj, SoftwareLineRasterizer.vcxproj, SoftwareTriangleRasterizer.vcxproj).  This can lead to incorrect clean and rebuild behavior.
  Main.cpp
c:\users\navi\source\repos\softwaretrianglerasterizer\softwaretrianglerasterizer\mathstuff.h(12): warning C4244: 'return': conversion from 'double' to 'float', possible loss of data
c:\users\navi\source\repos\softwaretrianglerasterizer\softwaretrianglerasterizer\mathstuff.h(16): warning C4244: 'return': conversion from 'double' to 'float', possible loss of data
c:\users\navi\source\repos\softwaretrianglerasterizer\softwaretrianglerasterizer\rasterizer.h(56): warning C4244: 'argument': conversion from 'uint32' to 'const float32', possible loss of data
c:\users\navi\source\repos\softwaretrianglerasterizer\softwaretrianglerasterizer\rasterizer.h(76): warning C4018: '<': signed/unsigned mismatch
c:\users\navi\source\repos\softwaretrianglerasterizer\softwaretrianglerasterizer\rasterizer.h(77): warning C4244: 'argument': conversion from 'const uint32' to 'const float32', possible loss of data
c:\users\navi\source\repos\softwaretrianglerasterizer\softwaretrianglerasterizer\rasterizer.h(77): warning C4244: 'argument': conversion from 'uint32' to 'const float32', possible loss of data
c:\users\navi\source\repos\softwaretrianglerasterizer\softwaretrianglerasterizer\rasterizer.h(93): warning C4244: '=': conversion from 'int32' to 'float32', possible loss of data
c:\users\navi\source\repos\softwaretrianglerasterizer\softwaretrianglerasterizer\rasterizer.h(100): warning C4244: '=': conversion from 'int32' to 'float32', possible loss of data
c:\users\navi\source\repos\softwaretrianglerasterizer\softwaretrianglerasterizer\rasterizer.h(116): warning C4244: '=': conversion from 'int32' to 'float32', possible loss of data
c:\users\navi\source\repos\softwaretrianglerasterizer\softwaretrianglerasterizer\rasterizer.h(123): warning C4244: '=': conversion from 'int32' to 'float32', possible loss of data
c:\users\navi\source\repos\softwaretrianglerasterizer\softwaretrianglerasterizer\rasterizer.h(138): warning C4018: '<': signed/unsigned mismatch
c:\users\navi\source\repos\softwaretrianglerasterizer\softwaretrianglerasterizer\rasterizer.h(176): warning C4244: 'argument': conversion from 'float32' to 'int32', possible loss of data
c:\users\navi\source\repos\softwaretrianglerasterizer\softwaretrianglerasterizer\rasterizer.h(177): warning C4244: 'argument': conversion from 'float32' to 'int32', possible loss of data
c:\users\navi\source\repos\softwaretrianglerasterizer\softwaretrianglerasterizer\rasterizer.h(178): warning C4244: 'argument': conversion from 'float32' to 'int32', possible loss of data
c:\users\navi\source\repos\softwaretrianglerasterizer\softwaretrianglerasterizer\rasterizer.h(261): warning C4244: 'argument': conversion from 'uint32_t' to 'const float32', possible loss of data
c:\users\navi\source\repos\softwaretrianglerasterizer\softwaretrianglerasterizer\rasterizer.h(301): warning C4244: 'initializing': conversion from 'float' to 'int32', possible loss of data
c:\users\navi\source\repos\softwaretrianglerasterizer\softwaretrianglerasterizer\rasterizer.h(301): warning C4244: 'initializing': conversion from 'float' to 'const int32', possible loss of data
c:\users\navi\source\repos\softwaretrianglerasterizer\softwaretrianglerasterizer\rasterizer.h(305): warning C4244: 'argument': conversion from 'int32' to 'const float32', possible loss of data
c:\users\navi\source\repos\softwaretrianglerasterizer\softwaretrianglerasterizer\rasterizer.h(307): warning C4244: 'argument': conversion from 'int32' to 'const float32', possible loss of data
c:\users\navi\source\repos\softwaretrianglerasterizer\softwaretrianglerasterizer\rasterizer.h(412): warning C4018: '<': signed/unsigned mismatch
c:\users\navi\source\repos\softwaretrianglerasterizer\softwaretrianglerasterizer\rasterizer.h(478): warning C4244: 'argument': conversion from 'uint32' to 'const float32', possible loss of data
c:\users\navi\source\repos\softwaretrianglerasterizer\softwaretrianglerasterizer\rasterizer.h(487): warning C4244: 'argument': conversion from 'uint32' to 'const float32', possible loss of data
  Generating code
  1 of 190 functions ( 0.5%) were compiled, the rest were copied from previous compilation.
    0 functions were new in current compilation
    1 functions had inline decision re-evaluated but remain unchanged
  Finished generating code
  SoftwareTriangleRasterizer.vcxproj -> C:\Users\navi\source\repos\SoftwareTriangleRasterizer\Release\SoftwareTriangleRasterizer.exe
